<?xml version="1.0" encoding="UTF-8"?>
<testsuite xmlns:xsi="http://www.w3.org/2001/XMLSchema-instance" xsi:noNamespaceSchemaLocation="https://maven.apache.org/surefire/maven-surefire-plugin/xsd/surefire-test-report-3.0.xsd" version="3.0" name="managersTest.RoleManagerTest$FindTests" time="0.025" tests="4" errors="0" skipped="0" failures="0">
  <properties>
[...]
</properties>
  <testcase name="findById" classname="managersTest.RoleManagerTest$FindTests" time="0.004"/>
  <testcase name="findByName" classname="managersTest.RoleManagerTest$FindTests" time="0.003"/>
  <testcase name="findAllWithSorter" classname="managersTest.RoleManagerTest$FindTests" time="0.005"/>
  <testcase name="findByFilter" classname="managersTest.RoleManagerTest$FindTests" time="0.006"/>
</testsuite>